Installing server to current directory
MESSAGE: Considering minecraft server jar
MESSAGE: Downloading minecraft server version 1.10.2
  ETag: 41c4e081defd80b09cb0391c894c2f3c
  MD5:  41c4e081defd80b09cb0391c894c2f3c
MESSAGE: Considering library net.minecraftforge:forge:1.10.2-12.18.1.2011: Not Downloading
MESSAGE: Considering library net.minecraft:launchwrapper:1.12
MESSAGE: Downloading library net.minecraft:launchwrapper:1.12
java.io.IOException: Server returned HTTP response code: 403 for URL: https://libraries.minecraft.net/net/minecraft/launchwrapper/1.12/launchwrapper-1.12.jar.pack.xz
	at sun.net.www.protocol.http.HttpURLConnection.getInputStream0(Unknown Source)
	at sun.net.www.protocol.http.HttpURLConnection.getInputStream(Unknown Source)
	at sun.net.www.protocol.https.HttpsURLConnectionImpl.getInputStream(Unknown Source)
	at net.minecraftforge.installer.DownloadUtils$URLISSupplier.getInput(DownloadUtils.java:428)
	at net.minecraftforge.installer.DownloadUtils$URLISSupplier.getInput(DownloadUtils.java:416)
	at com.google.common.io.ByteStreams$6.openStream(ByteStreams.java:989)
	at com.google.common.io.ByteSource.copyTo(ByteSource.java:202)
	at com.google.common.io.Files.copy(Files.java:382)
	at net.minecraftforge.installer.DownloadUtils.downloadFile(DownloadUtils.java:374)
	at net.minecraftforge.installer.DownloadUtils.downloadInstalledLibraries(DownloadUtils.java:84)
	at net.minecraftforge.installer.ServerInstall.run(ServerInstall.java:72)
	at net.minecraftforge.installer.InstallerAction.run(InstallerAction.java:42)
	at net.minecraftforge.installer.SimpleInstaller.handleOptions(SimpleInstaller.java:61)
	at net.minecraftforge.installer.SimpleInstaller.main(SimpleInstaller.java:36)
MESSAGE: Considering library org.ow2.asm:asm-all:5.0.3
MESSAGE: Downloading library org.ow2.asm:asm-all:5.0.3
java.io.IOException: Server returned HTTP response code: 403 for URL: https://libraries.minecraft.net/org/ow2/asm/asm-all/5.0.3/asm-all-5.0.3.jar.pack.xz
	at sun.net.www.protocol.http.HttpURLConnection.getInputStream0(Unknown Source)
	at sun.net.www.protocol.http.HttpURLConnection.getInputStream(Unknown Source)
	at sun.net.www.protocol.https.HttpsURLConnectionImpl.getInputStream(Unknown Source)
	at net.minecraftforge.installer.DownloadUtils$URLISSupplier.getInput(DownloadUtils.java:428)
	at net.minecraftforge.installer.DownloadUtils$URLISSupplier.getInput(DownloadUtils.java:416)
	at com.google.common.io.ByteStreams$6.openStream(ByteStreams.java:989)
	at com.google.common.io.ByteSource.copyTo(ByteSource.java:202)
	at com.google.common.io.Files.copy(Files.java:382)
	at net.minecraftforge.installer.DownloadUtils.downloadFile(DownloadUtils.java:374)
	at net.minecraftforge.installer.DownloadUtils.downloadInstalledLibraries(DownloadUtils.java:84)
	at net.minecraftforge.installer.ServerInstall.run(ServerInstall.java:72)
	at net.minecraftforge.installer.InstallerAction.run(InstallerAction.java:42)
	at net.minecraftforge.installer.SimpleInstaller.handleOptions(SimpleInstaller.java:61)
	at net.minecraftforge.installer.SimpleInstaller.main(SimpleInstaller.java:36)
MESSAGE: Considering library jline:jline:2.13
MESSAGE: Downloading library jline:jline:2.13
MESSAGE: Trying unpacked library jline:jline:2.13
MESSAGE: Considering library com.typesafe.akka:akka-actor_2.11:2.3.3
MESSAGE: Downloading library com.typesafe.akka:akka-actor_2.11:2.3.3
MESSAGE: Unpacking packed file akka-actor_2.11-2.3.3.jar.pack.xz
  Signed
  Checksum Length: 140942
  Total Length:    2606968
  Temp File:       C:\Users\Darin\AppData\Local\Temp\art1836811398957083551.pack
MESSAGE: Successfully unpacked packed file akka-actor_2.11-2.3.3.jar.pack.xz
Checking "G:\Minecraft\ServerOne\.\libraries\com\typesafe\akka\akka-actor_2.11\2.3.3\akka-actor_2.11-2.3.3.jar" internal checksums
    checksums.sha1 validated successfully
    Jar contents validated successfully
MESSAGE: Considering library com.typesafe:config:1.2.1
MESSAGE: Downloading library com.typesafe:config:1.2.1
MESSAGE: Unpacking packed file config-1.2.1.jar.pack.xz
  Signed
  Checksum Length: 12246
  Total Length:    111476
  Temp File:       C:\Users\Darin\AppData\Local\Temp\art6090855550051284484.pack
MESSAGE: Successfully unpacked packed file config-1.2.1.jar.pack.xz
Checking "G:\Minecraft\ServerOne\.\libraries\com\typesafe\config\1.2.1\config-1.2.1.jar" internal checksums
    checksums.sha1 validated successfully
    Jar contents validated successfully
MESSAGE: Considering library org.scala-lang:scala-actors-migration_2.11:1.1.0
MESSAGE: Downloading library org.scala-lang:scala-actors-migration_2.11:1.1.0
MESSAGE: Unpacking packed file scala-actors-migration_2.11-1.1.0.jar.pack.xz
  Signed
  Checksum Length: 3311
  Total Length:    52481
  Temp File:       C:\Users\Darin\AppData\Local\Temp\art2442704653352921822.pack
MESSAGE: Successfully unpacked packed file scala-actors-migration_2.11-1.1.0.jar.pack.xz
Checking "G:\Minecraft\ServerOne\.\libraries\org\scala-lang\scala-actors-migration_2.11\1.1.0\scala-actors-migration_2.11-1.1.0.jar" internal checksums
    checksums.sha1 validated successfully
    Jar contents validated successfully
MESSAGE: Considering library org.scala-lang:scala-compiler:2.11.1
MESSAGE: Downloading library org.scala-lang:scala-compiler:2.11.1
MESSAGE: Unpacking packed file scala-compiler-2.11.1.jar.pack.xz
  Signed
  Checksum Length: 942120
  Total Length:    9183051
  Temp File:       C:\Users\Darin\AppData\Local\Temp\art7213191168318887330.pack
MESSAGE: Successfully unpacked packed file scala-compiler-2.11.1.jar.pack.xz
Checking "G:\Minecraft\ServerOne\.\libraries\org\scala-lang\scala-compiler\2.11.1\scala-compiler-2.11.1.jar" internal checksums
    checksums.sha1 validated successfully
    Jar contents validated successfully
MESSAGE: Considering library org.scala-lang.plugins:scala-continuations-library_2.11:1.0.2
MESSAGE: Downloading library org.scala-lang.plugins:scala-continuations-library_2.11:1.0.2
MESSAGE: Unpacking packed file scala-continuations-library_2.11-1.0.2.jar.pack.xz
  Signed
  Checksum Length: 2416
  Total Length:    18871
  Temp File:       C:\Users\Darin\AppData\Local\Temp\art1527274997940664898.pack
MESSAGE: Successfully unpacked packed file scala-continuations-library_2.11-1.0.2.jar.pack.xz
Checking "G:\Minecraft\ServerOne\.\libraries\org\scala-lang\plugins\scala-continuations-library_2.11\1.0.2\scala-continuations-library_2.11-1.0.2.jar" internal checksums
    checksums.sha1 validated successfully
    Jar contents validated successfully
MESSAGE: Considering library org.scala-lang.plugins:scala-continuations-plugin_2.11.1:1.0.2
MESSAGE: Downloading library org.scala-lang.plugins:scala-continuations-plugin_2.11.1:1.0.2
MESSAGE: Unpacking packed file scala-continuations-plugin_2.11.1-1.0.2.jar.pack.xz
  Signed
  Checksum Length: 16815
  Total Length:    139418
  Temp File:       C:\Users\Darin\AppData\Local\Temp\art668452851474423558.pack
MESSAGE: Successfully unpacked packed file scala-continuations-plugin_2.11.1-1.0.2.jar.pack.xz
Checking "G:\Minecraft\ServerOne\.\libraries\org\scala-lang\plugins\scala-continuations-plugin_2.11.1\1.0.2\scala-continuations-plugin_2.11.1-1.0.2.jar" internal checksums
    checksums.sha1 validated successfully
    Jar contents validated successfully
MESSAGE: Considering library org.scala-lang:scala-library:2.11.1
MESSAGE: Downloading library org.scala-lang:scala-library:2.11.1
MESSAGE: Unpacking packed file scala-library-2.11.1.jar.pack.xz
  Signed
  Checksum Length: 341368
  Total Length:    5984083
  Temp File:       C:\Users\Darin\AppData\Local\Temp\art7204192210341602184.pack
MESSAGE: Successfully unpacked packed file scala-library-2.11.1.jar.pack.xz
Checking "G:\Minecraft\ServerOne\.\libraries\org\scala-lang\scala-library\2.11.1\scala-library-2.11.1.jar" internal checksums
    checksums.sha1 validated successfully
    Jar contents validated successfully
MESSAGE: Considering library org.scala-lang:scala-parser-combinators_2.11:1.0.1
MESSAGE: Downloading library org.scala-lang:scala-parser-combinators_2.11:1.0.1
MESSAGE: Unpacking packed file scala-parser-combinators_2.11-1.0.1.jar.pack.xz
  Signed
  Checksum Length: 37614
  Total Length:    273457
  Temp File:       C:\Users\Darin\AppData\Local\Temp\art5583177058410246476.pack
MESSAGE: Successfully unpacked packed file scala-parser-combinators_2.11-1.0.1.jar.pack.xz
Checking "G:\Minecraft\ServerOne\.\libraries\org\scala-lang\scala-parser-combinators_2.11\1.0.1\scala-parser-combinators_2.11-1.0.1.jar" internal checksums
    checksums.sha1 validated successfully
    Jar contents validated successfully
MESSAGE: Considering library org.scala-lang:scala-reflect:2.11.1
MESSAGE: Downloading library org.scala-lang:scala-reflect:2.11.1
MESSAGE: Unpacking packed file scala-reflect-2.11.1.jar.pack.xz
  Signed
  Checksum Length: 291610
  Total Length:    3217021
  Temp File:       C:\Users\Darin\AppData\Local\Temp\art1002241202293923471.pack
MESSAGE: Successfully unpacked packed file scala-reflect-2.11.1.jar.pack.xz
Checking "G:\Minecraft\ServerOne\.\libraries\org\scala-lang\scala-reflect\2.11.1\scala-reflect-2.11.1.jar" internal checksums
    checksums.sha1 validated successfully
    Jar contents validated successfully
MESSAGE: Considering library org.scala-lang:scala-swing_2.11:1.0.1
MESSAGE: Downloading library org.scala-lang:scala-swing_2.11:1.0.1
MESSAGE: Unpacking packed file scala-swing_2.11-1.0.1.jar.pack.xz
  Signed
  Checksum Length: 39019
  Total Length:    888907
  Temp File:       C:\Users\Darin\AppData\Local\Temp\art4290008935760465008.pack
MESSAGE: Successfully unpacked packed file scala-swing_2.11-1.0.1.jar.pack.xz
Checking "G:\Minecraft\ServerOne\.\libraries\org\scala-lang\scala-swing_2.11\1.0.1\scala-swing_2.11-1.0.1.jar" internal checksums
    checksums.sha1 validated successfully
    Jar contents validated successfully
MESSAGE: Considering library org.scala-lang:scala-xml_2.11:1.0.2
MESSAGE: Downloading library org.scala-lang:scala-xml_2.11:1.0.2
MESSAGE: Unpacking packed file scala-xml_2.11-1.0.2.jar.pack.xz
  Signed
  Checksum Length: 35380
  Total Length:    739509
  Temp File:       C:\Users\Darin\AppData\Local\Temp\art4482336813496895529.pack
MESSAGE: Successfully unpacked packed file scala-xml_2.11-1.0.2.jar.pack.xz
Checking "G:\Minecraft\ServerOne\.\libraries\org\scala-lang\scala-xml_2.11\1.0.2\scala-xml_2.11-1.0.2.jar" internal checksums
    checksums.sha1 validated successfully
    Jar contents validated successfully
MESSAGE: Considering library lzma:lzma:0.0.1
MESSAGE: Downloading library lzma:lzma:0.0.1
java.io.IOException: Server returned HTTP response code: 403 for URL: https://libraries.minecraft.net/lzma/lzma/0.0.1/lzma-0.0.1.jar.pack.xz
	at sun.net.www.protocol.http.HttpURLConnection.getInputStream0(Unknown Source)
	at sun.net.www.protocol.http.HttpURLConnection.getInputStream(Unknown Source)
	at sun.net.www.protocol.https.HttpsURLConnectionImpl.getInputStream(Unknown Source)
	at net.minecraftforge.installer.DownloadUtils$URLISSupplier.getInput(DownloadUtils.java:428)
	at net.minecraftforge.installer.DownloadUtils$URLISSupplier.getInput(DownloadUtils.java:416)
	at com.google.common.io.ByteStreams$6.openStream(ByteStreams.java:989)
	at com.google.common.io.ByteSource.copyTo(ByteSource.java:202)
	at com.google.common.io.Files.copy(Files.java:382)
	at net.minecraftforge.installer.DownloadUtils.downloadFile(DownloadUtils.java:374)
	at net.minecraftforge.installer.DownloadUtils.downloadInstalledLibraries(DownloadUtils.java:84)
	at net.minecraftforge.installer.ServerInstall.run(ServerInstall.java:72)
	at net.minecraftforge.installer.InstallerAction.run(InstallerAction.java:42)
	at net.minecraftforge.installer.SimpleInstaller.handleOptions(SimpleInstaller.java:61)
	at net.minecraftforge.installer.SimpleInstaller.main(SimpleInstaller.java:36)
MESSAGE: Considering library net.sf.jopt-simple:jopt-simple:4.6
MESSAGE: Downloading library net.sf.jopt-simple:jopt-simple:4.6
java.io.IOException: Server returned HTTP response code: 403 for URL: https://libraries.minecraft.net/net/sf/jopt-simple/jopt-simple/4.6/jopt-simple-4.6.jar.pack.xz
	at sun.net.www.protocol.http.HttpURLConnection.getInputStream0(Unknown Source)
	at sun.net.www.protocol.http.HttpURLConnection.getInputStream(Unknown Source)
	at sun.net.www.protocol.https.HttpsURLConnectionImpl.getInputStream(Unknown Source)
	at net.minecraftforge.installer.DownloadUtils$URLISSupplier.getInput(DownloadUtils.java:428)
	at net.minecraftforge.installer.DownloadUtils$URLISSupplier.getInput(DownloadUtils.java:416)
	at com.google.common.io.ByteStreams$6.openStream(ByteStreams.java:989)
	at com.google.common.io.ByteSource.copyTo(ByteSource.java:202)
	at com.google.common.io.Files.copy(Files.java:382)
	at net.minecraftforge.installer.DownloadUtils.downloadFile(DownloadUtils.java:374)
	at net.minecraftforge.installer.DownloadUtils.downloadInstalledLibraries(DownloadUtils.java:84)
	at net.minecraftforge.installer.ServerInstall.run(ServerInstall.java:72)
	at net.minecraftforge.installer.InstallerAction.run(InstallerAction.java:42)
	at net.minecraftforge.installer.SimpleInstaller.handleOptions(SimpleInstaller.java:61)
	at net.minecraftforge.installer.SimpleInstaller.main(SimpleInstaller.java:36)
MESSAGE: Considering library java3d:vecmath:1.5.2
MESSAGE: Downloading library java3d:vecmath:1.5.2
java.io.IOException: Server returned HTTP response code: 403 for URL: https://libraries.minecraft.net/java3d/vecmath/1.5.2/vecmath-1.5.2.jar.pack.xz
	at sun.net.www.protocol.http.HttpURLConnection.getInputStream0(Unknown Source)
	at sun.net.www.protocol.http.HttpURLConnection.getInputStream(Unknown Source)
	at sun.net.www.protocol.https.HttpsURLConnectionImpl.getInputStream(Unknown Source)
	at net.minecraftforge.installer.DownloadUtils$URLISSupplier.getInput(DownloadUtils.java:428)
	at net.minecraftforge.installer.DownloadUtils$URLISSupplier.getInput(DownloadUtils.java:416)
	at com.google.common.io.ByteStreams$6.openStream(ByteStreams.java:989)
	at com.google.common.io.ByteSource.copyTo(ByteSource.java:202)
	at com.google.common.io.Files.copy(Files.java:382)
	at net.minecraftforge.installer.DownloadUtils.downloadFile(DownloadUtils.java:374)
	at net.minecraftforge.installer.DownloadUtils.downloadInstalledLibraries(DownloadUtils.java:84)
	at net.minecraftforge.installer.ServerInstall.run(ServerInstall.java:72)
	at net.minecraftforge.installer.InstallerAction.run(InstallerAction.java:42)
	at net.minecraftforge.installer.SimpleInstaller.handleOptions(SimpleInstaller.java:61)
	at net.minecraftforge.installer.SimpleInstaller.main(SimpleInstaller.java:36)
MESSAGE: Considering library net.sf.trove4j:trove4j:3.0.3
MESSAGE: Downloading library net.sf.trove4j:trove4j:3.0.3
java.io.IOException: Server returned HTTP response code: 403 for URL: https://libraries.minecraft.net/net/sf/trove4j/trove4j/3.0.3/trove4j-3.0.3.jar.pack.xz
	at sun.net.www.protocol.http.HttpURLConnection.getInputStream0(Unknown Source)
	at sun.net.www.protocol.http.HttpURLConnection.getInputStream(Unknown Source)
	at sun.net.www.protocol.https.HttpsURLConnectionImpl.getInputStream(Unknown Source)
	at net.minecraftforge.installer.DownloadUtils$URLISSupplier.getInput(DownloadUtils.java:428)
	at net.minecraftforge.installer.DownloadUtils$URLISSupplier.getInput(DownloadUtils.java:416)
	at com.google.common.io.ByteStreams$6.openStream(ByteStreams.java:989)
	at com.google.common.io.ByteSource.copyTo(ByteSource.java:202)
	at com.google.common.io.Files.copy(Files.java:382)
	at net.minecraftforge.installer.DownloadUtils.downloadFile(DownloadUtils.java:374)
	at net.minecraftforge.installer.DownloadUtils.downloadInstalledLibraries(DownloadUtils.java:84)
	at net.minecraftforge.installer.ServerInstall.run(ServerInstall.java:72)
	at net.minecraftforge.installer.InstallerAction.run(InstallerAction.java:42)
	at net.minecraftforge.installer.SimpleInstaller.handleOptions(SimpleInstaller.java:61)
	at net.minecraftforge.installer.SimpleInstaller.main(SimpleInstaller.java:36)
The server installed successfully, you should now be able to run the file forge-1.10.2-12.18.1.2011-universal.jar
You can delete this installer file now if you wish
